<?xml version="1.0" encoding="UTF-8"?>
<!-- Generated by org.testng.reporters.JUnitReportReporter -->
<testsuite hostname="Dell" failures="0" tests="4" name="TestNGproject.grouping" time="0.023" errors="0" timestamp="2025-01-08T12:49:12 IST" skipped="0">
  <testcase classname="TestNGproject.grouping" name="testcase3" time="0.002"/>
  <system-out/>
  <testcase classname="TestNGproject.grouping" name="testcase1" time="0.017"/>
  <system-out/>
  <testcase classname="TestNGproject.grouping" name="testcase2" time="0.002"/>
  <system-out/>
  <testcase classname="TestNGproject.grouping" name="testcase6" time="0.002"/>
  <system-out/>
</testsuite> <!-- TestNGproject.grouping -->
