<?xml version="1.0" encoding="UTF-8"?>
<!-- Generated by org.testng.reporters.JUnitReportReporter -->
<testsuite hostname="Dell" failures="0" tests="2" name="Searchonflipkart.testcase2" time="17.099" errors="0" timestamp="2025-01-02T10:50:11 IST" skipped="0">
  <testcase classname="Searchonflipkart.testcase2" name="mobile" time="9.168"/>
  <system-out/>
  <testcase classname="Searchonflipkart.testcase2" name="mobile" time="7.931"/>
  <system-out/>
</testsuite> <!-- Searchonflipkart.testcase2 -->
