<?xml version="1.0" encoding="UTF-8"?>
<!-- Generated by org.testng.reporters.JUnitReportReporter -->
<testsuite hostname="Dell" failures="0" tests="1" name="TestNGproject.LaunchQuit" time="11.511" errors="0" timestamp="2024-12-31T17:13:47 IST" skipped="0">
  <testcase classname="TestNGproject.LaunchQuit" name="testcase1" time="11.511"/>
  <system-out/>
</testsuite> <!-- TestNGproject.LaunchQuit -->
