<?xml version="1.0" encoding="UTF-8"?>
<!-- Generated by org.testng.reporters.JUnitReportReporter -->
<testsuite hostname="Dell" failures="0" tests="1" name="Test_cases_Amazon.Testcase1" time="14.501" errors="0" timestamp="2025-01-21T10:40:10 IST" skipped="0">
  <testcase classname="Test_cases_Amazon.Testcase1" name="test_case1" time="14.501"/>
  <system-out/>
</testsuite> <!-- Test_cases_Amazon.Testcase1 -->
