<?xml version="1.0" encoding="UTF-8"?>
<!-- Generated by org.testng.reporters.JUnitReportReporter -->
<testsuite hostname="Dell" failures="0" tests="3" name="Dataproviderannotation.googlesearchfield" time="22.034" errors="0" timestamp="2025-01-03T09:46:44 IST" skipped="0">
  <testcase classname="Dataproviderannotation.googlesearchfield" name="searchongoogle" time="8.072"/>
  <system-out/>
  <testcase classname="Dataproviderannotation.googlesearchfield" name="searchongoogle" time="6.681"/>
  <system-out/>
  <testcase classname="Dataproviderannotation.googlesearchfield" name="searchongoogle" time="7.281"/>
  <system-out/>
</testsuite> <!-- Dataproviderannotation.googlesearchfield -->
