<?xml version="1.0" encoding="UTF-8"?>
<!-- Generated by org.testng.reporters.JUnitReportReporter -->
<testsuite hostname="Dell" failures="0" tests="1" name="Assertion.Testcase2" time="8.126" errors="0" timestamp="2025-01-03T11:00:00 IST" skipped="0">
  <testcase classname="Assertion.Testcase2" name="flipkart" time="8.126"/>
  <system-out/>
</testsuite> <!-- Assertion.Testcase2 -->
