<?xml version="1.0" encoding="UTF-8"?>
<!-- Generated by org.testng.reporters.JUnitReportReporter -->
<testsuite hostname="Dell" failures="0" tests="1" name="testproject.Test_ng" time="1.483" errors="0" timestamp="2024-12-30T17:47:09 IST" skipped="0">
  <testcase classname="testproject.Test_ng" name="testFacebookLogin" time="1.483"/>
  <system-out/>
</testsuite> <!-- testproject.Test_ng -->
