<?xml version="1.0" encoding="UTF-8"?>
<!-- Generated by org.testng.reporters.JUnitReportReporter -->
<testsuite hostname="Dell" failures="0" tests="1" name="Wait.explicitWait" time="0.495" errors="0" timestamp="2025-01-06T13:12:54 IST" skipped="0">
  <testcase classname="Wait.explicitWait" name="fblogin" time="0.495"/>
  <system-out/>
</testsuite> <!-- Wait.explicitWait -->
