<?xml version="1.0" encoding="UTF-8"?>
<!-- Generated by org.testng.reporters.JUnitReportReporter -->
<testsuite hostname="Dell" failures="0" tests="2" name="Searchonflipkart.testcase1" time="19.458" errors="0" timestamp="2025-01-02T10:50:11 IST" skipped="0">
  <testcase classname="Searchonflipkart.testcase1" name="shoes" time="9.806"/>
  <system-out/>
  <testcase classname="Searchonflipkart.testcase1" name="shoes" time="9.652"/>
  <system-out/>
</testsuite> <!-- Searchonflipkart.testcase1 -->
