<?xml version="1.0" encoding="UTF-8"?>
<!-- Generated by org.testng.reporters.JUnitReportReporter -->
<testsuite hostname="Dell" failures="0" tests="1" name="Wait.implicitWait" time="5.261" errors="0" timestamp="2025-01-06T11:09:12 IST" skipped="0">
  <testcase classname="Wait.implicitWait" name="fblogin" time="5.261"/>
  <system-out/>
</testsuite> <!-- Wait.implicitWait -->
