<?xml version="1.0" encoding="UTF-8"?>
<!-- Generated by org.testng.reporters.JUnitReportReporter -->
<testsuite hostname="Dell" failures="0" tests="1" name="Assertion.testcase1" time="5.685" errors="0" timestamp="2025-01-28T10:57:57 IST" skipped="0">
  <testcase classname="Assertion.testcase1" name="searchongoogle" time="5.685"/>
  <system-out/>
</testsuite> <!-- Assertion.testcase1 -->
